2025-03-24 19:10:59.283 | ERROR    | app.core.exceptions:global_exception_handler:9 - Uncaught Error: AttributeError("'NoneType' object has no attribute 'id'"), Path: http://localhost:8000/api/v1/auth/user-info
2025-03-24 19:14:13.740 | WARNING  | app.core.exceptions:http_exception_handler:18 - HTTP Exception: 401 - Not authenticated, Path: http://localhost:8000/api/v1/auth/user-info
2025-03-24 19:14:39.785 | WARNING  | app.core.exceptions:http_exception_handler:18 - HTTP Exception: 401 - Not authenticated, Path: http://localhost:8000/api/v1/auth/user-info
2025-03-24 19:14:53.404 | WARNING  | app.core.exceptions:http_exception_handler:18 - HTTP Exception: 401 - Not authenticated, Path: http://localhost:8000/api/v1/auth/user-info
2025-03-24 19:14:58.742 | WARNING  | app.core.exceptions:http_exception_handler:18 - HTTP Exception: 401 - Not authenticated, Path: http://localhost:8000/api/v1/auth/user-info
2025-03-24 19:15:12.393 | WARNING  | app.core.exceptions:http_exception_handler:18 - HTTP Exception: 401 - Not authenticated, Path: http://localhost:8000/api/v1/auth/user-info
2025-03-24 19:16:52.233 | WARNING  | app.core.exceptions:http_exception_handler:18 - HTTP Exception: 401 - Not authenticated, Path: http://localhost:8000/api/v1/auth/user-info
2025-03-24 19:16:57.908 | WARNING  | app.core.exceptions:http_exception_handler:18 - HTTP Exception: 401 - Not authenticated, Path: http://localhost:8000/api/v1/auth/user-info
2025-03-24 19:20:48.983 | WARNING  | app.core.exceptions:http_exception_handler:18 - HTTP Exception: 401 - Not authenticated, Path: http://localhost:8000/api/v1/auth/user-info
2025-03-24 19:20:50.351 | WARNING  | app.core.exceptions:http_exception_handler:18 - HTTP Exception: 401 - Not authenticated, Path: http://localhost:8000/api/v1/auth/user-info
2025-03-24 19:20:58.152 | WARNING  | app.core.exceptions:http_exception_handler:18 - HTTP Exception: 401 - Not authenticated, Path: http://localhost:8000/api/v1/auth/user-info
2025-03-24 19:21:01.035 | WARNING  | app.core.exceptions:http_exception_handler:18 - HTTP Exception: 401 - Not authenticated, Path: http://localhost:8000/api/v1/auth/user-info
2025-03-24 19:22:02.370 | WARNING  | app.core.exceptions:http_exception_handler:18 - HTTP Exception: 401 - Not authenticated, Path: http://localhost:8000/api/v1/auth/user-info
2025-03-24 19:22:03.718 | WARNING  | app.core.exceptions:http_exception_handler:18 - HTTP Exception: 401 - Not authenticated, Path: http://localhost:8000/api/v1/auth/user-info
2025-03-24 19:22:42.448 | WARNING  | app.core.exceptions:http_exception_handler:18 - HTTP Exception: 401 - Not authenticated, Path: http://localhost:8000/api/v1/auth/user-info
2025-03-24 19:22:43.314 | WARNING  | app.core.exceptions:http_exception_handler:18 - HTTP Exception: 401 - Not authenticated, Path: http://localhost:8000/api/v1/auth/user-info
2025-03-24 19:22:43.852 | WARNING  | app.core.exceptions:http_exception_handler:18 - HTTP Exception: 401 - Not authenticated, Path: http://localhost:8000/api/v1/auth/user-info
2025-03-24 19:48:36.478 | ERROR    | app.core.exceptions:global_exception_handler:9 - Uncaught Error: InvalidRequestError('The unique() method must be invoked on this Result, as it contains results that include joined eager loads against collections'), Path: http://localhost:8000/api/v1/businesses/43/employees
2025-03-24 19:49:21.495 | ERROR    | app.core.exceptions:global_exception_handler:9 - Uncaught Error: InvalidRequestError('The unique() method must be invoked on this Result, as it contains results that include joined eager loads against collections'), Path: http://localhost:8000/api/v1/businesses/43/employees
2025-03-24 19:53:06.491 | ERROR    | app.core.exceptions:global_exception_handler:9 - Uncaught Error: InvalidRequestError('The unique() method must be invoked on this Result, as it contains results that include joined eager loads against collections'), Path: http://localhost:8000/businesses/43/employees
2025-03-24 19:54:35.685 | ERROR    | app.core.exceptions:global_exception_handler:9 - Uncaught Error: UnicodeDecodeError('utf-8', b'\x01\x01\x00\x00 \xe6\x10\x00\x00\xd5\xcf\x9b\x8aT\x18:@\x9aB\xe75v9F@', 5, 6, 'invalid continuation byte'), Path: http://localhost:8000/businesses/43/employees
2025-03-24 20:10:35.876 | ERROR    | app.core.exceptions:global_exception_handler:9 - Uncaught Error: AttributeError("'int' object has no attribute 'id'"), Path: http://localhost:8000/businesses/43/employees
2025-03-24 20:11:30.038 | ERROR    | app.core.exceptions:global_exception_handler:9 - Uncaught Error: AttributeError("'int' object has no attribute 'id'"), Path: http://localhost:8000/businesses/43/employees
2025-03-24 20:43:34.626 | ERROR    | app.core.exceptions:global_exception_handler:9 - Uncaught Error: TypeError('Select.join() takes from 2 to 3 positional arguments but 4 were given'), Path: http://localhost:8000/businesses/43/employees
2025-03-24 20:50:41.747 | ERROR    | app.core.exceptions:global_exception_handler:9 - Uncaught Error: ValueError('too many values to unpack (expected 2)'), Path: http://localhost:8000/businesses/43/employees
2025-03-24 20:52:23.910 | ERROR    | app.core.exceptions:global_exception_handler:9 - Uncaught Error: ValueError('too many values to unpack (expected 2)'), Path: http://localhost:8000/businesses/43/employees
2025-03-24 20:52:34.585 | ERROR    | app.core.exceptions:global_exception_handler:9 - Uncaught Error: ValueError('too many values to unpack (expected 2)'), Path: http://localhost:8000/businesses/43/employees
2025-03-24 21:05:58.956 | ERROR    | app.core.exceptions:global_exception_handler:9 - Uncaught Error: ProgrammingError('(sqlalchemy.dialects.postgresql.asyncpg.ProgrammingError) <class \'asyncpg.exceptions.GroupingError\'>: column "users.id" must appear in the GROUP BY clause or be used in an aggregate function'), Path: http://localhost:8000/businesses/43/employees
2025-03-24 21:07:46.541 | ERROR    | app.core.exceptions:global_exception_handler:9 - Uncaught Error: ProgrammingError('(sqlalchemy.dialects.postgresql.asyncpg.ProgrammingError) <class \'asyncpg.exceptions.GroupingError\'>: column "employment_requests.created_at" must appear in the GROUP BY clause or be used in an aggregate function'), Path: http://localhost:8000/businesses/43/employees
2025-03-24 21:11:28.451 | ERROR    | app.core.exceptions:global_exception_handler:9 - Uncaught Error: ValueError('not enough values to unpack (expected 3, got 2)'), Path: http://localhost:8000/businesses/43/employees
2025-03-24 21:14:06.438 | ERROR    | app.core.exceptions:global_exception_handler:9 - Uncaught Error: TypeError("'datetime.datetime' object cannot be interpreted as an integer"), Path: http://localhost:8000/businesses/43/employees
2025-03-24 21:15:15.379 | ERROR    | app.core.exceptions:global_exception_handler:9 - Uncaught Error: TypeError("'datetime.datetime' object cannot be interpreted as an integer"), Path: http://localhost:8000/businesses/43/employees
