2025-03-25 07:05:20.992 | ERROR    | app.core.exceptions:global_exception_handler:9 - Uncaught Error: NameError("name 'options' is not defined"), Path: http://localhost:8000/api/v1/users/75/schedules
2025-03-25 07:07:42.868 | WARNING  | app.core.exceptions:http_exception_handler:18 - HTTP Exception: 401 - Not authenticated, Path: http://localhost:8000/api/v1/auth/user-info
2025-03-25 07:07:46.340 | WARNING  | app.core.exceptions:http_exception_handler:18 - HTTP Exception: 401 - Not authenticated, Path: http://localhost:8000/api/v1/auth/user-info
2025-03-25 07:16:10.563 | ERROR    | app.core.exceptions:global_exception_handler:9 - Uncaught Error: ResponseValidationError(), Path: http://localhost:8000/api/v1/users/75/schedules
2025-03-25 14:10:01.358 | WARNING  | app.core.exceptions:http_exception_handler:18 - HTTP Exception: 401 - Not authenticated, Path: http://localhost:8000/api/v1/auth/user-info
2025-03-25 14:10:03.318 | WARNING  | app.core.exceptions:http_exception_handler:18 - HTTP Exception: 401 - Not authenticated, Path: http://localhost:8000/api/v1/auth/user-info
2025-03-25 14:10:03.935 | WARNING  | app.core.exceptions:http_exception_handler:18 - HTTP Exception: 401 - Not authenticated, Path: http://localhost:8000/api/v1/auth/user-info
2025-03-25 14:11:53.897 | WARNING  | app.core.exceptions:http_exception_handler:18 - HTTP Exception: 401 - Not authenticated, Path: http://localhost:8000/api/v1/auth/user-info
2025-03-25 14:11:54.458 | WARNING  | app.core.exceptions:http_exception_handler:18 - HTTP Exception: 401 - Not authenticated, Path: http://localhost:8000/api/v1/auth/user-info
2025-03-25 14:12:23.962 | WARNING  | app.core.exceptions:http_exception_handler:18 - HTTP Exception: 401 - Not authenticated, Path: http://localhost:8000/api/v1/auth/user-info
2025-03-25 14:12:24.583 | WARNING  | app.core.exceptions:http_exception_handler:18 - HTTP Exception: 401 - Not authenticated, Path: http://localhost:8000/api/v1/auth/user-info
2025-03-25 14:12:55.914 | WARNING  | app.core.exceptions:http_exception_handler:18 - HTTP Exception: 401 - Not authenticated, Path: http://localhost:8000/api/v1/auth/user-info
2025-03-25 14:12:56.564 | WARNING  | app.core.exceptions:http_exception_handler:18 - HTTP Exception: 401 - Not authenticated, Path: http://localhost:8000/api/v1/auth/user-info
2025-03-25 14:13:11.636 | WARNING  | app.core.exceptions:http_exception_handler:18 - HTTP Exception: 401 - Not authenticated, Path: http://localhost:8000/api/v1/auth/user-info
2025-03-25 14:13:12.343 | WARNING  | app.core.exceptions:http_exception_handler:18 - HTTP Exception: 401 - Not authenticated, Path: http://localhost:8000/api/v1/auth/user-info
2025-03-25 14:13:28.976 | WARNING  | app.core.exceptions:http_exception_handler:18 - HTTP Exception: 401 - Not authenticated, Path: http://localhost:8000/api/v1/auth/user-info
2025-03-25 14:13:29.496 | WARNING  | app.core.exceptions:http_exception_handler:18 - HTTP Exception: 401 - Not authenticated, Path: http://localhost:8000/api/v1/auth/user-info
2025-03-25 14:13:46.736 | WARNING  | app.core.exceptions:http_exception_handler:18 - HTTP Exception: 401 - Not authenticated, Path: http://localhost:8000/api/v1/auth/user-info
2025-03-25 14:13:48.352 | WARNING  | app.core.exceptions:http_exception_handler:18 - HTTP Exception: 401 - Not authenticated, Path: http://localhost:8000/api/v1/auth/user-info
2025-03-25 14:15:04.513 | WARNING  | app.core.exceptions:http_exception_handler:18 - HTTP Exception: 401 - Not authenticated, Path: http://localhost:8000/api/v1/auth/user-info
2025-03-25 14:15:05.344 | WARNING  | app.core.exceptions:http_exception_handler:18 - HTTP Exception: 401 - Not authenticated, Path: http://localhost:8000/api/v1/auth/user-info
2025-03-25 14:15:36.198 | WARNING  | app.core.exceptions:http_exception_handler:18 - HTTP Exception: 401 - Not authenticated, Path: http://localhost:8000/api/v1/auth/user-info
2025-03-25 14:15:36.948 | WARNING  | app.core.exceptions:http_exception_handler:18 - HTTP Exception: 401 - Not authenticated, Path: http://localhost:8000/api/v1/auth/user-info
2025-03-25 14:16:18.848 | WARNING  | app.core.exceptions:http_exception_handler:18 - HTTP Exception: 401 - Not authenticated, Path: http://localhost:8000/api/v1/auth/user-info
2025-03-25 14:16:19.519 | WARNING  | app.core.exceptions:http_exception_handler:18 - HTTP Exception: 401 - Not authenticated, Path: http://localhost:8000/api/v1/auth/user-info
2025-03-25 14:16:36.418 | WARNING  | app.core.exceptions:http_exception_handler:18 - HTTP Exception: 401 - Not authenticated, Path: http://localhost:8000/api/v1/auth/user-info
2025-03-25 14:16:37.121 | WARNING  | app.core.exceptions:http_exception_handler:18 - HTTP Exception: 401 - Not authenticated, Path: http://localhost:8000/api/v1/auth/user-info
2025-03-25 14:17:15.729 | WARNING  | app.core.exceptions:http_exception_handler:18 - HTTP Exception: 401 - Not authenticated, Path: http://localhost:8000/api/v1/auth/user-info
2025-03-25 14:17:16.049 | WARNING  | app.core.exceptions:http_exception_handler:18 - HTTP Exception: 401 - Not authenticated, Path: http://localhost:8000/api/v1/auth/user-info
2025-03-25 14:17:40.002 | WARNING  | app.core.exceptions:http_exception_handler:18 - HTTP Exception: 401 - Not authenticated, Path: http://localhost:8000/api/v1/auth/user-info
2025-03-25 14:17:40.255 | WARNING  | app.core.exceptions:http_exception_handler:18 - HTTP Exception: 401 - Not authenticated, Path: http://localhost:8000/api/v1/auth/user-info
2025-03-25 14:18:03.802 | WARNING  | app.core.exceptions:http_exception_handler:18 - HTTP Exception: 401 - Not authenticated, Path: http://localhost:8000/api/v1/auth/user-info
2025-03-25 14:18:04.101 | WARNING  | app.core.exceptions:http_exception_handler:18 - HTTP Exception: 401 - Not authenticated, Path: http://localhost:8000/api/v1/auth/user-info
2025-03-25 14:18:09.262 | WARNING  | app.core.exceptions:http_exception_handler:18 - HTTP Exception: 401 - Not authenticated, Path: http://localhost:8000/api/v1/auth/user-info
2025-03-25 14:18:09.957 | WARNING  | app.core.exceptions:http_exception_handler:18 - HTTP Exception: 401 - Not authenticated, Path: http://localhost:8000/api/v1/auth/user-info
2025-03-25 14:19:41.991 | WARNING  | app.core.exceptions:http_exception_handler:18 - HTTP Exception: 401 - Not authenticated, Path: http://localhost:8000/api/v1/auth/user-info
2025-03-25 14:19:42.686 | WARNING  | app.core.exceptions:http_exception_handler:18 - HTTP Exception: 401 - Not authenticated, Path: http://localhost:8000/api/v1/auth/user-info
2025-03-25 14:28:51.885 | WARNING  | app.core.exceptions:http_exception_handler:18 - HTTP Exception: 401 - Not authenticated, Path: http://localhost:8000/api/v1/auth/user-info
2025-03-25 14:28:53.967 | WARNING  | app.core.exceptions:http_exception_handler:18 - HTTP Exception: 401 - Not authenticated, Path: http://localhost:8000/api/v1/auth/user-info
2025-03-25 14:31:09.164 | WARNING  | app.core.exceptions:http_exception_handler:18 - HTTP Exception: 401 - Not authenticated, Path: http://localhost:8000/api/v1/auth/user-info
2025-03-25 14:31:10.567 | WARNING  | app.core.exceptions:http_exception_handler:18 - HTTP Exception: 401 - Not authenticated, Path: http://localhost:8000/api/v1/auth/user-info
2025-03-25 14:33:13.629 | WARNING  | app.core.exceptions:http_exception_handler:18 - HTTP Exception: 401 - Not authenticated, Path: http://localhost:8000/api/v1/auth/user-info
2025-03-25 14:33:14.883 | WARNING  | app.core.exceptions:http_exception_handler:18 - HTTP Exception: 401 - Not authenticated, Path: http://localhost:8000/api/v1/auth/user-info
2025-03-25 14:48:25.187 | WARNING  | app.core.exceptions:http_exception_handler:18 - HTTP Exception: 404 - User not found, Path: http://localhost:8000/api/v1/auth/login
2025-03-25 15:06:46.440 | ERROR    | app.core.exceptions:global_exception_handler:9 - Uncaught Error: ArgumentError('Join target, typically a FROM expression, or ORM relationship attribute expected, got <sqlalchemy.sql.elements.BinaryExpression object at 0x7fcd30b2e950>.'), Path: http://localhost:8000/api/v1/users/55/dashboard-summary
2025-03-25 15:08:33.667 | ERROR    | app.core.exceptions:global_exception_handler:9 - Uncaught Error: ArgumentError('Join target, typically a FROM expression, or ORM relationship attribute expected, got <sqlalchemy.sql.elements.BinaryExpression object at 0x7f34e71a5850>.'), Path: http://localhost:8000/api/v1/users/55/dashboard-summary
2025-03-25 15:12:57.787 | ERROR    | app.core.exceptions:global_exception_handler:9 - Uncaught Error: ProgrammingError('(sqlalchemy.dialects.postgresql.asyncpg.ProgrammingError) <class \'asyncpg.exceptions.GroupingError\'>: column "appointments.id" must appear in the GROUP BY clause or be used in an aggregate function'), Path: http://localhost:8000/api/v1/users/55/dashboard-summary
2025-03-25 15:14:28.757 | ERROR    | app.core.exceptions:global_exception_handler:9 - Uncaught Error: ProgrammingError('(sqlalchemy.dialects.postgresql.asyncpg.ProgrammingError) <class \'asyncpg.exceptions.GroupingError\'>: column "appointments.id" must appear in the GROUP BY clause or be used in an aggregate function'), Path: http://localhost:8000/api/v1/users/55/dashboard-summary
2025-03-25 15:14:37.655 | ERROR    | app.core.exceptions:global_exception_handler:9 - Uncaught Error: ProgrammingError('(sqlalchemy.dialects.postgresql.asyncpg.ProgrammingError) <class \'asyncpg.exceptions.GroupingError\'>: column "appointments.user_id" must appear in the GROUP BY clause or be used in an aggregate function'), Path: http://localhost:8000/api/v1/users/55/dashboard-summary
2025-03-25 15:17:39.458 | ERROR    | app.core.exceptions:global_exception_handler:9 - Uncaught Error: InvalidRequestError("Don't know how to join to <Mapper at 0x7f0035743590; Product>. Please use the .select_from() method to establish an explicit left side, as well as providing an explicit ON clause if not present already to help resolve the ambiguity."), Path: http://localhost:8000/api/v1/users/55/dashboard-summary
2025-03-25 15:19:00.094 | ERROR    | app.core.exceptions:global_exception_handler:9 - Uncaught Error: InvalidRequestError("Don't know how to join to <Mapper at 0x7f0035743590; Product>. Please use the .select_from() method to establish an explicit left side, as well as providing an explicit ON clause if not present already to help resolve the ambiguity."), Path: http://localhost:8000/api/v1/users/55/dashboard-summary
2025-03-25 15:19:29.817 | ERROR    | app.core.exceptions:global_exception_handler:9 - Uncaught Error: ProgrammingError('(sqlalchemy.dialects.postgresql.asyncpg.ProgrammingError) <class \'asyncpg.exceptions.GroupingError\'>: column "appointments.id" must appear in the GROUP BY clause or be used in an aggregate function'), Path: http://localhost:8000/api/v1/users/55/dashboard-summary
2025-03-25 15:20:50.548 | ERROR    | app.core.exceptions:global_exception_handler:9 - Uncaught Error: ProgrammingError('(sqlalchemy.dialects.postgresql.asyncpg.ProgrammingError) <class \'asyncpg.exceptions.GroupingError\'>: column "appointments.id" must appear in the GROUP BY clause or be used in an aggregate function'), Path: http://localhost:8000/api/v1/users/55/dashboard-summary
2025-03-25 15:21:46.279 | ERROR    | app.core.exceptions:global_exception_handler:9 - Uncaught Error: ProgrammingError('(sqlalchemy.dialects.postgresql.asyncpg.ProgrammingError) <class \'asyncpg.exceptions.GroupingError\'>: column "appointments.id" must appear in the GROUP BY clause or be used in an aggregate function'), Path: http://localhost:8000/api/v1/users/55/dashboard-summary
2025-03-25 15:23:13.397 | ERROR    | app.core.exceptions:global_exception_handler:9 - Uncaught Error: ProgrammingError('(sqlalchemy.dialects.postgresql.asyncpg.ProgrammingError) <class \'asyncpg.exceptions.UndefinedTableError\'>: missing FROM-clause entry for table "appointments"'), Path: http://localhost:8000/api/v1/users/55/dashboard-summary
2025-03-25 15:25:01.359 | ERROR    | app.core.exceptions:global_exception_handler:9 - Uncaught Error: ProgrammingError('(sqlalchemy.dialects.postgresql.asyncpg.ProgrammingError) <class \'asyncpg.exceptions.UndefinedTableError\'>: missing FROM-clause entry for table "appointments"'), Path: http://localhost:8000/api/v1/users/55/dashboard-summary
2025-03-25 15:42:11.303 | ERROR    | app.core.exceptions:global_exception_handler:9 - Uncaught Error: InvalidRequestError("Can't determine which FROM clause to join from, there are multiple FROMS which can join to this entity. Please use the .select_from() method to establish an explicit left side, as well as providing an explicit ON clause if not present already to help resolve the ambiguity."), Path: http://localhost:8000/api/v1/users/55/dashboard-summary
2025-03-25 15:50:06.950 | WARNING  | app.core.exceptions:http_exception_handler:18 - HTTP Exception: 401 - Not authenticated, Path: http://localhost:8000/api/v1/auth/user-info
2025-03-25 18:34:41.071 | ERROR    | app.core.exceptions:validation_exception_handler:26 - Validation Error: [{'type': 'missing', 'loc': ('query', 'start_date'), 'msg': 'Field required', 'input': None}, {'type': 'missing', 'loc': ('query', 'end_date'), 'msg': 'Field required', 'input': None}] | Path: http://localhost:8000/api/v1/users/55/dashboard-summary
2025-03-25 18:35:30.015 | ERROR    | app.core.exceptions:global_exception_handler:9 - Uncaught Error: TypeError("get_user_dashboard_summary_by_id() missing 2 required positional arguments: 'start_date' and 'end_date'"), Path: http://localhost:8000/api/v1/users/55/dashboard-summary?start_date=2025-03-25&end_date=2025-03-30
2025-03-25 18:46:50.328 | ERROR    | app.core.exceptions:global_exception_handler:9 - Uncaught Error: ProgrammingError('(sqlalchemy.dialects.postgresql.asyncpg.ProgrammingError) <class \'asyncpg.exceptions.UndefinedTableError\'>: missing FROM-clause entry for table "users"'), Path: http://localhost:8000/api/v1/users/55/dashboard-summary?start_date=2025-03-25&end_date=2025-03-30
2025-03-25 18:48:46.069 | ERROR    | app.core.exceptions:global_exception_handler:9 - Uncaught Error: ProgrammingError('(sqlalchemy.dialects.postgresql.asyncpg.ProgrammingError) <class \'asyncpg.exceptions.UndefinedTableError\'>: missing FROM-clause entry for table "users"'), Path: http://localhost:8000/api/v1/users/55/dashboard-summary?start_date=2025-03-25&end_date=2025-03-30
2025-03-25 18:50:52.312 | ERROR    | app.core.exceptions:global_exception_handler:9 - Uncaught Error: ProgrammingError('(sqlalchemy.dialects.postgresql.asyncpg.ProgrammingError) <class \'asyncpg.exceptions.GroupingError\'>: column "users.id" must appear in the GROUP BY clause or be used in an aggregate function'), Path: http://localhost:8000/api/v1/users/55/dashboard-summary?start_date=2025-03-25&end_date=2025-03-30
2025-03-25 19:00:09.105 | ERROR    | app.core.exceptions:global_exception_handler:9 - Uncaught Error: TypeError("'NoneType' object is not subscriptable"), Path: http://localhost:8000/api/v1/users/55/dashboard-summary?start_date=2025-03-25&end_date=2025-03-30
2025-03-25 19:01:54.729 | ERROR    | app.core.exceptions:global_exception_handler:9 - Uncaught Error: TypeError("'NoneType' object is not subscriptable"), Path: http://localhost:8000/api/v1/users/55/dashboard-summary?start_date=2025-03-25&end_date=2025-03-30
2025-03-25 19:04:24.995 | ERROR    | app.core.exceptions:global_exception_handler:9 - Uncaught Error: ValueError('unconverted data remains: 2'), Path: http://localhost:8000/api/v1/users/55/dashboard-summary?start_date=2025-03-25&end_date=2025-03-32
2025-03-25 19:07:44.385 | ERROR    | app.core.exceptions:global_exception_handler:9 - Uncaught Error: ValueError('unconverted data remains: 2'), Path: http://localhost:8000/api/v1/users/55/dashboard-summary?start_date=2025-03-25&end_date=2025-03-32
2025-03-25 19:09:20.868 | WARNING  | app.core.exceptions:http_exception_handler:18 - HTTP Exception: 400 - Start date and end date should use the format - %Y-%m-%d, Path: http://localhost:8000/api/v1/users/55/dashboard-summary?start_date=2025-03-25&end_date=2025-03-32
2025-03-25 19:59:27.917 | ERROR    | app.core.exceptions:global_exception_handler:9 - Uncaught Error: ProgrammingError('(sqlalchemy.dialects.postgresql.asyncpg.ProgrammingError) <class \'asyncpg.exceptions.UndefinedTableError\'>: missing FROM-clause entry for table "users"'), Path: http://localhost:8000/api/v1/users/55/dashboard-summary?start_date=2025-03-25&end_date=2025-03-30
2025-03-25 20:01:18.771 | ERROR    | app.core.exceptions:global_exception_handler:9 - Uncaught Error: ProgrammingError('(sqlalchemy.dialects.postgresql.asyncpg.ProgrammingError) <class \'asyncpg.exceptions.UndefinedTableError\'>: missing FROM-clause entry for table "users"'), Path: http://localhost:8000/api/v1/users/55/dashboard-summary?start_date=2025-03-25&end_date=2025-03-30
2025-03-25 20:01:53.771 | ERROR    | app.core.exceptions:global_exception_handler:9 - Uncaught Error: ProgrammingError('(sqlalchemy.dialects.postgresql.asyncpg.ProgrammingError) <class \'asyncpg.exceptions.UndefinedTableError\'>: missing FROM-clause entry for table "users"'), Path: http://localhost:8000/api/v1/users/55/dashboard-summary?start_date=2025-03-25&end_date=2025-03-30
2025-03-25 20:11:56.628 | ERROR    | app.core.dependencies:validate_roles:35 - User with id: 55 and role: 'employee' does not have permission to perform this action. Path: http://localhost:8000/api/v1/businesses/36/employees
2025-03-25 20:11:56.629 | WARNING  | app.core.exceptions:http_exception_handler:18 - HTTP Exception: 403 - You do not have permission to perform this action, Path: http://localhost:8000/api/v1/businesses/36/employees
2025-03-25 20:11:57.043 | ERROR    | app.core.dependencies:validate_roles:35 - User with id: 55 and role: 'employee' does not have permission to perform this action. Path: http://localhost:8000/api/v1/businesses/36/employees
2025-03-25 20:11:57.044 | WARNING  | app.core.exceptions:http_exception_handler:18 - HTTP Exception: 403 - You do not have permission to perform this action, Path: http://localhost:8000/api/v1/businesses/36/employees
2025-03-25 20:11:57.099 | WARNING  | app.core.exceptions:http_exception_handler:18 - HTTP Exception: 401 - Not authenticated, Path: http://localhost:8000/api/v1/auth/user-info
2025-03-25 20:12:01.118 | WARNING  | app.core.exceptions:http_exception_handler:18 - HTTP Exception: 401 - Not authenticated, Path: http://localhost:8000/api/v1/auth/user-info
2025-03-25 20:12:24.066 | ERROR    | app.core.dependencies:validate_roles:35 - User with id: 55 and role: 'employee' does not have permission to perform this action. Path: http://localhost:8000/api/v1/businesses/36/employees
2025-03-25 20:12:24.066 | WARNING  | app.core.exceptions:http_exception_handler:18 - HTTP Exception: 403 - You do not have permission to perform this action, Path: http://localhost:8000/api/v1/businesses/36/employees
2025-03-25 20:12:24.550 | ERROR    | app.core.dependencies:validate_roles:35 - User with id: 55 and role: 'employee' does not have permission to perform this action. Path: http://localhost:8000/api/v1/businesses/36/employees
2025-03-25 20:12:24.551 | WARNING  | app.core.exceptions:http_exception_handler:18 - HTTP Exception: 403 - You do not have permission to perform this action, Path: http://localhost:8000/api/v1/businesses/36/employees
2025-03-25 20:13:16.292 | WARNING  | app.core.exceptions:http_exception_handler:18 - HTTP Exception: 401 - Not authenticated, Path: http://localhost:8000/api/v1/auth/user-info
2025-03-25 20:13:23.635 | ERROR    | app.core.dependencies:validate_roles:35 - User with id: 55 and role: 'employee' does not have permission to perform this action. Path: http://localhost:8000/api/v1/businesses/36/employees
2025-03-25 20:13:23.635 | WARNING  | app.core.exceptions:http_exception_handler:18 - HTTP Exception: 403 - You do not have permission to perform this action, Path: http://localhost:8000/api/v1/businesses/36/employees
2025-03-25 20:13:24.203 | ERROR    | app.core.dependencies:validate_roles:35 - User with id: 55 and role: 'employee' does not have permission to perform this action. Path: http://localhost:8000/api/v1/businesses/36/employees
2025-03-25 20:13:24.203 | WARNING  | app.core.exceptions:http_exception_handler:18 - HTTP Exception: 403 - You do not have permission to perform this action, Path: http://localhost:8000/api/v1/businesses/36/employees
2025-03-25 20:14:24.189 | ERROR    | app.core.dependencies:validate_roles:35 - User with id: 55 and role: 'employee' does not have permission to perform this action. Path: http://localhost:8000/api/v1/businesses/36/employees
2025-03-25 20:14:24.191 | WARNING  | app.core.exceptions:http_exception_handler:18 - HTTP Exception: 403 - You do not have permission to perform this action, Path: http://localhost:8000/api/v1/businesses/36/employees
2025-03-25 20:15:18.198 | WARNING  | app.core.exceptions:http_exception_handler:18 - HTTP Exception: 401 - Not authenticated, Path: http://localhost:8000/api/v1/auth/user-info
2025-03-25 20:15:19.446 | WARNING  | app.core.exceptions:http_exception_handler:18 - HTTP Exception: 401 - Not authenticated, Path: http://localhost:8000/api/v1/auth/user-info
2025-03-25 20:17:07.058 | WARNING  | app.core.exceptions:http_exception_handler:18 - HTTP Exception: 401 - Not authenticated, Path: http://localhost:8000/api/v1/auth/user-info
2025-03-25 20:17:07.701 | WARNING  | app.core.exceptions:http_exception_handler:18 - HTTP Exception: 401 - Not authenticated, Path: http://localhost:8000/api/v1/auth/user-info
