2025-03-14 13:37:35.695 | ERROR    | app.core.exceptions:global_exception_handler:9 - Uncaught Error: ProgrammingError('(sqlalchemy.dialects.postgresql.asyncpg.ProgrammingError) <class \'asyncpg.exceptions.GroupingError\'>: column "user_counters.ratings_count" must appear in the GROUP BY clause or be used in an aggregate function'), Path: http://localhost:8000/api/v1/businesses/nearby?lon=25.987371&lat=44.443440&filter_id=14&start_date=2025-03-17&end_date=2025-03-17&start_time=09:00:00&end_time=10:00:00&limit=10&page=1
2025-03-14 13:39:11.277 | ERROR    | app.core.exceptions:global_exception_handler:9 - Uncaught Error: ProgrammingError('(sqlalchemy.dialects.postgresql.asyncpg.ProgrammingError) <class \'asyncpg.exceptions.GroupingError\'>: column "user_counters.ratings_count" must appear in the GROUP BY clause or be used in an aggregate function'), Path: http://localhost:8000/api/v1/businesses/nearby?lon=25.987371&lat=44.443440&filter_id=14&start_date=2025-03-17&end_date=2025-03-17&start_time=09:00:00&end_time=10:00:00&limit=10&page=1
2025-03-14 13:53:40.324 | ERROR    | app.core.security:decode_token:36 - Token could not be decoded. Error: Signature has expired.
2025-03-14 13:53:50.162 | ERROR    | app.core.exceptions:global_exception_handler:9 - Uncaught Error: AttributeError("'dict' object has no attribute 'append'"), Path: http://localhost:8000/api/v1/businesses/nearby?lon=25.987371&lat=44.443440&filter_id=14&start_date=2025-03-17&end_date=2025-03-17&start_time=09:00:00&end_time=10:00:00&limit=10&page=1
2025-03-14 13:54:04.203 | ERROR    | app.core.exceptions:global_exception_handler:9 - Uncaught Error: AttributeError("'dict' object has no attribute 'append'"), Path: http://localhost:8000/api/v1/businesses/nearby?lon=25.987371&lat=44.443440&filter_id=14&start_date=2025-03-17&end_date=2025-03-17&start_time=09:00:00&end_time=10:00:00&limit=10&page=1
2025-03-14 13:55:13.879 | ERROR    | app.core.exceptions:global_exception_handler:9 - Uncaught Error: KeyError(36), Path: http://localhost:8000/api/v1/businesses/nearby?lon=25.987371&lat=44.443440&filter_id=14&start_date=2025-03-17&end_date=2025-03-17&start_time=09:00:00&end_time=10:00:00&limit=10&page=1
2025-03-14 14:09:37.937 | ERROR    | app.core.security:decode_token:36 - Token could not be decoded. Error: Signature has expired.
2025-03-14 14:18:31.458 | ERROR    | app.core.exceptions:global_exception_handler:9 - Uncaught Error: AttributeError("'Select' object has no attribute 'groupBy'"), Path: http://localhost:8000/api/v1/businesses/nearby?lon=25.987371&lat=44.443440&filter_id=14&start_date=2025-03-17&end_date=2025-03-17&start_time=09:00:00&end_time=10:00:00&limit=1&page=1
2025-03-14 14:19:20.711 | ERROR    | app.core.exceptions:global_exception_handler:9 - Uncaught Error: AttributeError("'Select' object has no attribute 'groupBy'"), Path: http://localhost:8000/api/v1/businesses/nearby?lon=25.987371&lat=44.443440&filter_id=14&start_date=2025-03-17&end_date=2025-03-17&start_time=09:00:00&end_time=10:00:00&limit=1&page=1
2025-03-14 14:19:28.562 | ERROR    | app.core.exceptions:global_exception_handler:9 - Uncaught Error: AttributeError("type object 'UserCounters' has no attribute 'ratings'"), Path: http://localhost:8000/api/v1/businesses/nearby?lon=25.987371&lat=44.443440&filter_id=14&start_date=2025-03-17&end_date=2025-03-17&start_time=09:00:00&end_time=10:00:00&limit=1&page=1
2025-03-14 14:29:48.271 | ERROR    | app.core.security:decode_token:36 - Token could not be decoded. Error: Signature has expired.
2025-03-14 15:46:51.422 | ERROR    | app.core.exceptions:global_exception_handler:9 - Uncaught Error: LoaderStrategyException('Can\'t apply "joined loader" strategy to property "Business.owner_id", which is a "column property"; this loader strategy is intended to be used with a "relationship property".'), Path: http://localhost:8000/api/v1/businesses/nearby?lon=25.987371&lat=44.443440&filter_id=14&start_date=2025-03-17&end_date=2025-03-17&start_time=09:00:00&end_time=10:00:00&limit=10&page=1
2025-03-14 15:48:27.418 | ERROR    | app.core.exceptions:global_exception_handler:9 - Uncaught Error: InvalidRequestError('The unique() method must be invoked on this Result, as it contains results that include joined eager loads against collections'), Path: http://localhost:8000/api/v1/businesses/nearby?lon=25.987371&lat=44.443440&filter_id=14&start_date=2025-03-17&end_date=2025-03-17&start_time=09:00:00&end_time=10:00:00&limit=10&page=1
2025-03-14 15:50:12.737 | ERROR    | app.core.exceptions:global_exception_handler:9 - Uncaught Error: InvalidRequestError('The unique() method must be invoked on this Result, as it contains results that include joined eager loads against collections'), Path: http://localhost:8000/api/v1/businesses/nearby?lon=25.987371&lat=44.443440&filter_id=14&start_date=2025-03-17&end_date=2025-03-17&start_time=09:00:00&end_time=10:00:00&limit=10&page=1
2025-03-14 15:51:07.676 | ERROR    | app.core.exceptions:global_exception_handler:9 - Uncaught Error: UnicodeDecodeError('utf-8', b'\x01\x01\x00\x00 \xe6\x10\x00\x00\xec\xa3SW>\x1b:@\x1d\x03\xb2\xd7\xbb7F@', 5, 6, 'invalid continuation byte'), Path: http://localhost:8000/api/v1/businesses/nearby?lon=25.987371&lat=44.443440&filter_id=14&start_date=2025-03-17&end_date=2025-03-17&start_time=09:00:00&end_time=10:00:00&limit=10&page=1
2025-03-14 15:52:45.152 | ERROR    | app.core.exceptions:global_exception_handler:9 - Uncaught Error: UnicodeDecodeError('utf-8', b'\x01\x01\x00\x00 \xe6\x10\x00\x00\xec\xa3SW>\x1b:@\x1d\x03\xb2\xd7\xbb7F@', 5, 6, 'invalid continuation byte'), Path: http://localhost:8000/api/v1/businesses/nearby?lon=25.987371&lat=44.443440&filter_id=14&start_date=2025-03-17&end_date=2025-03-17&start_time=09:00:00&end_time=10:00:00&limit=10&page=1
2025-03-14 15:53:48.692 | ERROR    | app.core.exceptions:global_exception_handler:9 - Uncaught Error: ArgumentError("Query has only expression-based entities; attribute loader options for Mapper[Business(businesses)] can't be applied here."), Path: http://localhost:8000/api/v1/businesses/nearby?lon=25.987371&lat=44.443440&filter_id=14&start_date=2025-03-17&end_date=2025-03-17&start_time=09:00:00&end_time=10:00:00&limit=10&page=1
2025-03-14 15:54:40.106 | ERROR    | app.core.exceptions:global_exception_handler:9 - Uncaught Error: ArgumentError("Query has only expression-based entities; attribute loader options for Mapper[Business(businesses)] can't be applied here."), Path: http://localhost:8000/api/v1/businesses/nearby?lon=25.987371&lat=44.443440&filter_id=14&start_date=2025-03-17&end_date=2025-03-17&start_time=09:00:00&end_time=10:00:00&limit=10&page=1
2025-03-14 16:05:35.826 | ERROR    | app.core.security:decode_token:36 - Token could not be decoded. Error: Signature has expired.
2025-03-14 16:20:41.236 | ERROR    | app.core.exceptions:global_exception_handler:9 - Uncaught Error: ProgrammingError('(sqlalchemy.dialects.postgresql.asyncpg.ProgrammingError) <class \'asyncpg.exceptions.GroupingError\'>: column "users.id" must appear in the GROUP BY clause or be used in an aggregate function'), Path: http://localhost:8000/api/v1/businesses/nearby?lon=25.987371&lat=44.443440&filter_id=14&start_date=2025-03-17&end_date=2025-03-17&start_time=09:00:00&end_time=10:00:00&limit=2&page=1
2025-03-14 16:25:09.858 | ERROR    | app.core.exceptions:global_exception_handler:9 - Uncaught Error: ArgumentError("Query has only expression-based entities; attribute loader options for Mapper[Business(businesses)] can't be applied here."), Path: http://localhost:8000/api/v1/businesses/nearby?lon=25.987371&lat=44.443440&filter_id=14&start_date=2025-03-17&end_date=2025-03-17&start_time=09:00:00&end_time=10:00:00&limit=3&page=1
2025-03-14 16:27:44.677 | ERROR    | app.core.exceptions:global_exception_handler:9 - Uncaught Error: ArgumentError('SQL expression for WHERE/HAVING role expected, got (<sqlalchemy.sql.elements.BinaryExpression object at 0x7f0baee7cc90>, <sqlalchemy.sql.elements.BinaryExpression object at 0x7f0baef372d0>, <sqlalchemy.sql.elements.BinaryExpression object at 0x7f0baf244310>, <sqlalchemy.sql.elements.BinaryExpression object at 0x7f0baef3ec50>, <sqlalchemy.sql.elements.BinaryExpression object at 0x7f0baee7d510>, <sqlalchemy.sql.elements.BooleanClauseList object at 0x7f0baee7cd10>).'), Path: http://localhost:8000/api/v1/businesses/nearby?lon=25.987371&lat=44.443440&filter_id=14&start_date=2025-03-17&end_date=2025-03-17&start_time=09:00:00&end_time=10:00:00&limit=3&page=1
2025-03-14 16:31:04.785 | ERROR    | app.core.exceptions:global_exception_handler:9 - Uncaught Error: ArgumentError('SQL expression for WHERE/HAVING role expected, got (<sqlalchemy.sql.elements.BinaryExpression object at 0x7f69a7fc1310>, <sqlalchemy.sql.elements.BinaryExpression object at 0x7f69a7f05bd0>, <sqlalchemy.sql.elements.BinaryExpression object at 0x7f69a971a390>, <sqlalchemy.sql.elements.BinaryExpression object at 0x7f69a7fc1a10>, <sqlalchemy.sql.elements.BooleanClauseList object at 0x7f69a7fc1390>).'), Path: http://localhost:8000/api/v1/businesses/nearby?lon=25.987371&lat=44.443440&filter_id=14&start_date=2025-03-17&end_date=2025-03-17&start_time=09:00:00&end_time=10:00:00&limit=3&page=1
2025-03-14 16:39:52.581 | ERROR    | app.core.exceptions:global_exception_handler:9 - Uncaught Error: UnicodeDecodeError('utf-8', b'\x01\x01\x00\x00 \xe6\x10\x00\x00\xd7\x16\x9e\x97\x8a\x05:@\x93V|C\xe15F@', 5, 6, 'invalid continuation byte'), Path: http://localhost:8000/api/v1/businesses/nearby?lon=25.987371&lat=44.443440&filter_id=14&start_date=2025-03-17&end_date=2025-03-17&start_time=09:00:00&end_time=18:00:00&limit=10&page=1
2025-03-14 16:46:11.727 | ERROR    | app.core.exceptions:global_exception_handler:9 - Uncaught Error: AttributeError("'list' object has no attribute 'setdefault'"), Path: http://localhost:8000/api/v1/businesses/nearby?lon=25.987371&lat=44.443440&filter_id=14&start_date=2025-03-17&end_date=2025-03-17&start_time=09:00:00&end_time=18:00:00&limit=10&page=1
2025-03-14 16:48:52.668 | ERROR    | app.core.exceptions:global_exception_handler:9 - Uncaught Error: AttributeError("'str' object has no attribute 'id'"), Path: http://localhost:8000/api/v1/businesses/nearby?lon=25.987371&lat=44.443440&filter_id=14&start_date=2025-03-17&end_date=2025-03-17&start_time=09:00:00&end_time=18:00:00&limit=10&page=1
2025-03-14 16:50:00.459 | ERROR    | app.core.exceptions:global_exception_handler:9 - Uncaught Error: ValueError('not enough values to unpack (expected 5, got 4)'), Path: http://localhost:8000/api/v1/businesses/nearby?lon=25.987371&lat=44.443440&filter_id=14&start_date=2025-03-17&end_date=2025-03-17&start_time=09:00:00&end_time=18:00:00&limit=10&page=1
2025-03-14 16:51:58.611 | ERROR    | app.core.exceptions:global_exception_handler:9 - Uncaught Error: ValueError('not enough values to unpack (expected 5, got 4)'), Path: http://localhost:8000/api/v1/businesses/nearby?lon=25.987371&lat=44.443440&filter_id=14&start_date=2025-03-17&end_date=2025-03-17&start_time=09:00:00&end_time=18:00:00&limit=10&page=1
2025-03-14 16:54:22.379 | ERROR    | app.core.exceptions:global_exception_handler:9 - Uncaught Error: NotImplementedError("Operator 'getitem' is not supported on this expression"), Path: http://localhost:8000/api/v1/businesses/nearby?lon=25.987371&lat=44.443440&filter_id=14&start_date=2025-03-17&end_date=2025-03-17&start_time=09:00:00&end_time=18:00:00&limit=10&page=1
2025-03-14 17:19:51.956 | ERROR    | app.core.security:decode_token:36 - Token could not be decoded. Error: Signature has expired.
2025-03-14 17:19:58.728 | ERROR    | app.core.exceptions:global_exception_handler:9 - Uncaught Error: ProgrammingError('(sqlalchemy.dialects.postgresql.asyncpg.ProgrammingError) <class \'asyncpg.exceptions.GroupingError\'>: column "user_counters.ratings_count" must appear in the GROUP BY clause or be used in an aggregate function'), Path: http://localhost:8000/api/v1/businesses/nearby?lon=25.987371&lat=44.443440&filter_id=14&start_date=2025-03-17&end_date=2025-03-17&start_time=09:00:00&end_time=18:00:00&limit=10&page=1
2025-03-14 17:23:38.844 | WARNING  | app.core.exceptions:http_exception_handler:18 - HTTP Exception: 404 - Service not found, Path: http://localhost:8000/api/v1/services/10
2025-03-14 17:26:54.290 | ERROR    | app.service.booking.appointment:create_new_appointment:84 - Business/Employee with id: 33 already has an appointment starting at: 2025-03-18 07:00:00
2025-03-14 17:26:54.291 | WARNING  | app.core.exceptions:http_exception_handler:18 - HTTP Exception: 403 - This slot is already booked, Path: http://localhost:8000/api/v1/appointments/
2025-03-14 17:40:03.566 | ERROR    | app.core.security:decode_token:36 - Token could not be decoded. Error: Signature has expired.
2025-03-14 17:48:00.915 | ERROR    | app.core.exceptions:global_exception_handler:9 - Uncaught Error: AttributeError("type object 'UserCounters' has no attribute 'ra'"), Path: http://localhost:8000/api/v1/businesses/nearby?lon=25.987371&lat=44.443440&filter_id=25&start_date=2025-03-18&end_date=2025-03-18&start_time=09:00:00&end_time=18:00:00&limit=15&page=1
2025-03-14 18:06:41.604 | ERROR    | app.core.exceptions:global_exception_handler:9 - Uncaught Error: ValueError('unconverted data remains: :00'), Path: http://localhost:8000/api/v1/businesses/nearby?lon=25.987371&lat=44.443440&filter_id=25&start_date=2025-03-18&end_date=2025-03-18&start_time=09:00:00&end_time=18:00:00&limit=15&page=1
2025-03-14 18:07:29.041 | ERROR    | app.core.exceptions:global_exception_handler:9 - Uncaught Error: ProgrammingError("(sqlalchemy.dialects.postgresql.asyncpg.ProgrammingError) <class 'asyncpg.exceptions.UndefinedFunctionError'>: function convert_timezone(character varying, character varying, timestamp without time zone) does not exist\nHINT:  No function matches the given name and argument types. You might need to add explicit type casts."), Path: http://localhost:8000/api/v1/businesses/nearby?lon=25.987371&lat=44.443440&filter_id=25&start_date=2025-03-18&end_date=2025-03-18&start_time=09:00:00&end_time=18:00:00&limit=15&page=1
2025-03-14 18:19:06.359 | ERROR    | app.core.exceptions:global_exception_handler:9 - Uncaught Error: ValueError('unconverted data remains: :00'), Path: http://localhost:8000/api/v1/businesses/nearby?lon=25.987371&lat=44.443440&filter_id=25&start_date=2025-03-18&end_date=2025-03-18&start_time=09:00:00&end_time=18:00:00&limit=15&page=1
2025-03-14 18:20:12.531 | ERROR    | app.core.exceptions:global_exception_handler:9 - Uncaught Error: TypeError('Boolean value of this clause is not defined'), Path: http://localhost:8000/api/v1/businesses/nearby?lon=25.987371&lat=44.443440&filter_id=25&start_date=2025-03-18&end_date=2025-03-18&start_time=09:00:00&end_time=18:00:00&limit=15&page=1
2025-03-14 18:22:27.222 | ERROR    | app.core.exceptions:global_exception_handler:9 - Uncaught Error: TypeError('Boolean value of this clause is not defined'), Path: http://localhost:8000/api/v1/businesses/nearby?lon=25.987371&lat=44.443440&filter_id=25&start_date=2025-03-18&end_date=2025-03-18&start_time=09:00:00&end_time=18:00:00&limit=15&page=1
2025-03-14 18:23:59.952 | ERROR    | app.core.exceptions:global_exception_handler:9 - Uncaught Error: ProgrammingError('(sqlalchemy.dialects.postgresql.asyncpg.ProgrammingError) <class \'asyncpg.exceptions.PostgresSyntaxError\'>: syntax error at or near "("'), Path: http://localhost:8000/api/v1/businesses/nearby?lon=25.987371&lat=44.443440&filter_id=25&start_date=2025-03-18&end_date=2025-03-18&start_time=09:00:00&end_time=18:00:00&limit=15&page=1
2025-03-14 18:29:32.465 | ERROR    | app.core.exceptions:global_exception_handler:9 - Uncaught Error: ValueError("Error converting date: '2025-03-18' and time: '09:00:00' with timezone 'Business.timezone'. Error: Neither 'InstrumentedAttribute' object nor 'Comparator' object associated with Business.timezone has an attribute 'upper'"), Path: http://localhost:8000/api/v1/businesses/nearby?lon=25.987371&lat=44.443440&filter_id=25&start_date=2025-03-18&end_date=2025-03-18&start_time=09:00:00&end_time=18:00:00&limit=15&page=1
2025-03-14 18:30:52.176 | ERROR    | app.core.exceptions:global_exception_handler:9 - Uncaught Error: ProgrammingError('(sqlalchemy.dialects.postgresql.asyncpg.ProgrammingError) <class \'asyncpg.exceptions.PostgresSyntaxError\'>: syntax error at or near "$6"'), Path: http://localhost:8000/api/v1/businesses/nearby?lon=25.987371&lat=44.443440&filter_id=25&start_date=2025-03-18&end_date=2025-03-18&start_time=09:00:00&end_time=18:00:00&limit=15&page=1
2025-03-14 18:39:02.279 | ERROR    | app.core.security:decode_token:36 - Token could not be decoded. Error: Signature has expired.
2025-03-14 18:39:10.162 | ERROR    | app.core.exceptions:global_exception_handler:9 - Uncaught Error: ValueError("Error converting date: '2025-03-18' and time: '09:00:00' with timezone 'Business.timezone'. Error: Neither 'InstrumentedAttribute' object nor 'Comparator' object associated with Business.timezone has an attribute 'upper'"), Path: http://localhost:8000/api/v1/businesses/nearby?lon=25.987371&lat=44.443440&filter_id=25&start_date=2025-03-18&end_date=2025-03-18&start_time=09:00:00&end_time=18:00:00&limit=15&page=1
2025-03-14 19:09:31.124 | ERROR    | app.core.exceptions:global_exception_handler:9 - Uncaught Error: AttributeError("'datetime.date' object has no attribute 'date'"), Path: http://localhost:8000/api/v1/businesses/nearby?lon=25.987371&lat=44.443440&filter_id=25&start_date=2025-03-17&end_date=2025-03-18&start_time=09:00:00&end_time=10:00:00&limit=15&page=1
2025-03-15 07:57:33.794 | ERROR    | app.service.booking.appointment:create_new_appointment:84 - Business/Employee with id: 69 already has an appointment starting at: 2025-03-19 08:00:00
2025-03-15 07:57:33.798 | WARNING  | app.core.exceptions:http_exception_handler:18 - HTTP Exception: 403 - This slot is already booked, Path: http://localhost:8000/api/v1/appointments/
