2025-03-27 10:09:26.835 | ERROR    | app.core.exceptions:global_exception_handler:9 - Uncaught Error: AttributeError("'NoneType' object has no attribute 'id'"), Path: http://localhost:8000/api/v1/auth/user-info
2025-03-27 10:18:53.671 | ERROR    | app.core.exceptions:global_exception_handler:9 - Uncaught Error: AttributeError("'NoneType' object has no attribute 'id'"), Path: http://localhost:8000/api/v1/auth/user-info
2025-03-27 10:21:47.295 | ERROR    | app.core.exceptions:global_exception_handler:9 - Uncaught Error: AttributeError("'NoneType' object has no attribute 'id'"), Path: http://localhost:8000/api/v1/auth/user-info
2025-03-27 10:21:59.195 | ERROR    | app.core.exceptions:global_exception_handler:9 - Uncaught Error: AttributeError("'NoneType' object has no attribute 'id'"), Path: http://localhost:8000/api/v1/auth/user-info
2025-03-27 10:25:07.373 | ERROR    | app.core.exceptions:global_exception_handler:9 - Uncaught Error: 1 validation error for UserInfoResponse
counters.id
  Field required [type=missing, input_value=<app.models.user.user_cou...bject at 0x7f038c53c8d0>, input_type=UserCounters]
    For further information visit https://errors.pydantic.dev/2.10/v/missing, Path: http://localhost:8000/api/v1/auth/user-info
2025-03-27 10:28:17.396 | ERROR    | app.core.exceptions:global_exception_handler:9 - Uncaught Error: 1 validation error for UserInfoResponse
counters
  Input should be a valid dictionary or instance of UserCountersResponse [type=model_type, input_value=<app.models.user.user_cou...bject at 0x7f28ef52aed0>, input_type=UserCounters]
    For further information visit https://errors.pydantic.dev/2.10/v/model_type, Path: http://localhost:8000/api/v1/auth/user-info
2025-03-27 10:31:35.863 | ERROR    | app.core.exceptions:global_exception_handler:9 - Uncaught Error: 1 validation error for UserInfoResponse
counters
  Input should be a valid dictionary or instance of UserCountersResponse [type=model_type, input_value=<app.models.user.user_cou...bject at 0x7fe68db4a890>, input_type=UserCounters]
    For further information visit https://errors.pydantic.dev/2.10/v/model_type, Path: http://localhost:8000/api/v1/auth/user-info
2025-03-27 10:38:05.110 | ERROR    | app.core.exceptions:global_exception_handler:9 - Uncaught Error: 1 validation error for UserInfoResponse
counters
  Input should be a valid dictionary or instance of UserCountersBase [type=model_type, input_value=<app.models.user.user_cou...bject at 0x7fbb1490e710>, input_type=UserCounters]
    For further information visit https://errors.pydantic.dev/2.10/v/model_type, Path: http://localhost:8000/api/v1/auth/user-info
2025-03-27 10:44:44.333 | ERROR    | app.core.exceptions:global_exception_handler:9 - Uncaught Error: AttributeError("'UserCounters' object has no attribute 'model_dump'"), Path: http://localhost:8000/api/v1/auth/user-info
2025-03-27 10:46:28.748 | ERROR    | app.core.exceptions:global_exception_handler:9 - Uncaught Error: AttributeError("'UserCounters' object has no attribute 'model_dump'"), Path: http://localhost:8000/api/v1/auth/user-info
2025-03-27 10:54:07.032 | ERROR    | app.core.exceptions:global_exception_handler:9 - Uncaught Error: AttributeError("'User' object has no attribute 'counter'"), Path: http://localhost:8000/api/v1/auth/user-info
2025-03-27 10:55:54.013 | ERROR    | app.core.exceptions:global_exception_handler:9 - Uncaught Error: 1 validation error for UserInfoResponse
counters
  Input should be a valid dictionary or instance of UserCountersBase [type=model_type, input_value=<app.models.user.user_cou...bject at 0x7f6dc7273550>, input_type=UserCounters]
    For further information visit https://errors.pydantic.dev/2.10/v/model_type, Path: http://localhost:8000/api/v1/auth/user-info
2025-03-27 10:57:45.214 | ERROR    | app.core.exceptions:global_exception_handler:9 - Uncaught Error: 1 validation error for UserInfoResponse
  Input should be a valid dictionary or instance of UserInfoResponse [type=model_type, input_value=<app.models.user.user.Use...bject at 0x7f515ccb2cd0>, input_type=User]
    For further information visit https://errors.pydantic.dev/2.10/v/model_type, Path: http://localhost:8000/api/v1/auth/user-info
2025-03-27 11:00:59.035 | ERROR    | app.core.exceptions:global_exception_handler:9 - Uncaught Error: 1 validation error for UserInfoResponse
counters
  Input should be a valid dictionary or instance of UserCountersBase [type=model_type, input_value=<app.models.user.user_cou...bject at 0x7fd47c3aed90>, input_type=UserCounters]
    For further information visit https://errors.pydantic.dev/2.10/v/model_type, Path: http://localhost:8000/api/v1/auth/user-info
2025-03-27 11:01:24.557 | ERROR    | app.core.exceptions:global_exception_handler:9 - Uncaught Error: TypeError('pydantic.main.BaseModel.model_validate() argument after * must be an iterable, not UserCounters'), Path: http://localhost:8000/api/v1/auth/user-info
2025-03-27 11:06:17.990 | ERROR    | app.core.exceptions:global_exception_handler:9 - Uncaught Error: 1 validation error for UserInfoResponse
counters
  Input should be a valid dictionary [type=dict_type, input_value=<app.models.user.user_cou...bject at 0x7faafb73d950>, input_type=UserCounters]
    For further information visit https://errors.pydantic.dev/2.10/v/dict_type, Path: http://localhost:8000/api/v1/auth/user-info
2025-03-27 11:06:25.890 | ERROR    | app.core.exceptions:global_exception_handler:9 - Uncaught Error: 1 validation error for UserInfoResponse
counters
  Input should be a valid dictionary [type=dict_type, input_value=<app.models.user.user_cou...bject at 0x7faafb5c7910>, input_type=UserCounters]
    For further information visit https://errors.pydantic.dev/2.10/v/dict_type, Path: http://localhost:8000/api/v1/auth/user-info
2025-03-27 11:13:04.401 | ERROR    | app.core.exceptions:global_exception_handler:9 - Uncaught Error: 1 validation error for UserInfoResponse
  Input should be a valid dictionary or instance of UserInfoResponse [type=model_type, input_value=<app.models.user.user.Use...bject at 0x7fdc9e86b790>, input_type=User]
    For further information visit https://errors.pydantic.dev/2.10/v/model_type, Path: http://localhost:8000/api/v1/auth/user-info
2025-03-27 11:19:24.349 | ERROR    | app.core.exceptions:global_exception_handler:9 - Uncaught Error: AttributeError("'UserCounters' object has no attribute 'model_dump'"), Path: http://localhost:8000/api/v1/auth/user-info
2025-03-27 11:20:37.820 | ERROR    | app.core.exceptions:global_exception_handler:9 - Uncaught Error: AttributeError("'UserCounters' object has no attribute 'model_dump'"), Path: http://localhost:8000/api/v1/auth/user-info
2025-03-27 11:22:14.105 | ERROR    | app.core.exceptions:global_exception_handler:9 - Uncaught Error: 1 validation error for UserInfoResponse
counters
  Input should be a valid dictionary or instance of UserCountersBase [type=model_type, input_value=<app.models.user.user_cou...bject at 0x7fd755f16e10>, input_type=UserCounters]
    For further information visit https://errors.pydantic.dev/2.10/v/model_type, Path: http://localhost:8000/api/v1/auth/user-info
2025-03-27 12:03:48.778 | ERROR    | app.core.security:decode_token:36 - Token could not be decoded. Error: Signature has expired.
2025-03-27 12:03:55.855 | ERROR    | app.core.exceptions:global_exception_handler:9 - Uncaught Error: AttributeError("'int' object has no attribute 'state'"), Path: http://localhost:8000/api/v1/businesses/nearby?lon=25.987371&lat=44.443440&start_date=2025-03-23&end_date=2025-03-23&start_time=10:00:00&service_id=5&end_time=11:00:00&limit=10&page=1&sub_filters=51
2025-03-27 12:04:53.775 | ERROR    | app.core.exceptions:global_exception_handler:9 - Uncaught Error: AttributeError("'int' object has no attribute 'state'"), Path: http://localhost:8000/api/v1/businesses/nearby?lon=25.987371&lat=44.443440&start_date=2025-03-23&end_date=2025-03-23&start_time=10:00:00&instant_booking=true&service_id=5&end_time=11:00:00&limit=10&page=1&sub_filters=51
2025-03-27 12:06:25.471 | ERROR    | app.core.exceptions:global_exception_handler:9 - Uncaught Error: AttributeError("'int' object has no attribute 'state'"), Path: http://localhost:8000/api/v1/businesses/nearby?lon=25.987371&lat=44.443440&start_date=2025-03-28&end_date=2025-03-28&start_time=10:00:00&service_id=5&end_time=11:00:00&instant_booking=true&limit=10&page=1&sub_filters=51
2025-03-27 17:47:59.966 | WARNING  | app.core.exceptions:http_exception_handler:18 - HTTP Exception: 404 - User not found, Path: http://localhost:8000/api/v1/auth/login
2025-03-27 17:48:23.002 | WARNING  | app.core.exceptions:http_exception_handler:18 - HTTP Exception: 404 - User not found, Path: http://localhost:8000/api/v1/auth/login
2025-03-27 17:52:17.534 | WARNING  | app.core.exceptions:http_exception_handler:18 - HTTP Exception: 401 - Not authenticated, Path: http://localhost:8000/api/v1/auth/user-info
2025-03-27 17:53:17.919 | WARNING  | app.core.exceptions:http_exception_handler:18 - HTTP Exception: 401 - Not authenticated, Path: http://localhost:8000/api/v1/auth/user-info
2025-03-27 17:54:29.038 | WARNING  | app.core.exceptions:http_exception_handler:18 - HTTP Exception: 401 - Not authenticated, Path: http://localhost:8000/api/v1/auth/user-info
2025-03-27 17:57:40.398 | ERROR    | app.core.exceptions:validation_exception_handler:26 - Validation Error: [{'type': 'int_parsing', 'loc': ('path', 'business_id'), 'msg': 'Input should be a valid integer, unable to parse string as an integer', 'input': 'null'}] | Path: http://localhost:8000/api/v1/businesses/null/employees
2025-03-27 18:01:33.266 | ERROR    | app.core.exceptions:validation_exception_handler:26 - Validation Error: [{'type': 'int_parsing', 'loc': ('path', 'business_id'), 'msg': 'Input should be a valid integer, unable to parse string as an integer', 'input': 'null'}] | Path: http://localhost:8000/api/v1/businesses/null/employees
2025-03-27 18:02:43.713 | ERROR    | app.core.exceptions:validation_exception_handler:26 - Validation Error: [{'type': 'int_parsing', 'loc': ('path', 'business_id'), 'msg': 'Input should be a valid integer, unable to parse string as an integer', 'input': 'null'}] | Path: http://localhost:8000/api/v1/businesses/null/employees
2025-03-27 18:03:48.980 | WARNING  | app.core.exceptions:http_exception_handler:18 - HTTP Exception: 404 - User not found, Path: http://localhost:8000/api/v1/auth/login
2025-03-27 18:04:04.512 | ERROR    | app.core.exceptions:global_exception_handler:9 - Uncaught Error: ResponseValidationError(), Path: http://localhost:8000/api/v1/auth/user-info
2025-03-27 18:04:28.110 | ERROR    | app.core.exceptions:global_exception_handler:9 - Uncaught Error: ResponseValidationError(), Path: http://localhost:8000/api/v1/auth/user-info
2025-03-27 18:05:01.481 | ERROR    | app.core.exceptions:validation_exception_handler:26 - Validation Error: [{'type': 'int_parsing', 'loc': ('path', 'business_id'), 'msg': 'Input should be a valid integer, unable to parse string as an integer', 'input': 'null'}] | Path: http://localhost:8000/api/v1/businesses/null/employees
2025-03-27 18:05:05.787 | ERROR    | app.core.exceptions:validation_exception_handler:26 - Validation Error: [{'type': 'int_parsing', 'loc': ('path', 'business_id'), 'msg': 'Input should be a valid integer, unable to parse string as an integer', 'input': 'null'}] | Path: http://localhost:8000/api/v1/businesses/null/employees
2025-03-27 18:05:25.893 | ERROR    | app.core.exceptions:validation_exception_handler:26 - Validation Error: [{'type': 'int_parsing', 'loc': ('path', 'business_id'), 'msg': 'Input should be a valid integer, unable to parse string as an integer', 'input': 'null'}] | Path: http://localhost:8000/api/v1/businesses/null/employees
2025-03-27 18:05:42.841 | ERROR    | app.core.exceptions:validation_exception_handler:26 - Validation Error: [{'type': 'int_parsing', 'loc': ('path', 'business_id'), 'msg': 'Input should be a valid integer, unable to parse string as an integer', 'input': 'null'}] | Path: http://localhost:8000/api/v1/businesses/null/employees
2025-03-27 18:13:50.171 | ERROR    | app.core.exceptions:global_exception_handler:9 - Uncaught Error: AttributeError("type object 'Business' has no attribute 'name'"), Path: http://localhost:8000/api/v1/auth/user-info
2025-03-27 18:28:42.179 | ERROR    | app.core.security:decode_token:36 - Token could not be decoded. Error: Signature has expired.
2025-03-27 18:28:42.234 | ERROR    | app.core.security:decode_token:36 - Token could not be decoded. Error: Signature has expired.
2025-03-27 18:28:42.444 | ERROR    | app.core.security:decode_token:36 - Token could not be decoded. Error: Signature has expired.
2025-03-27 18:30:05.132 | ERROR    | app.core.security:decode_token:36 - Token could not be decoded. Error: Signature has expired.
2025-03-27 18:30:37.610 | ERROR    | app.core.security:decode_token:36 - Token could not be decoded. Error: Signature has expired.
2025-03-27 18:42:13.166 | WARNING  | app.core.exceptions:http_exception_handler:18 - HTTP Exception: 401 - Not authenticated, Path: http://localhost:8000/api/v1/auth/user-info
2025-03-27 18:42:13.236 | WARNING  | app.core.exceptions:http_exception_handler:18 - HTTP Exception: 401 - Not authenticated, Path: http://localhost:8000/api/v1/auth/user-info
2025-03-27 18:42:18.099 | WARNING  | app.core.exceptions:http_exception_handler:18 - HTTP Exception: 401 - Not authenticated, Path: http://localhost:8000/api/v1/auth/user-info
2025-03-27 18:49:12.224 | ERROR    | app.core.exceptions:validation_exception_handler:26 - Validation Error: [{'type': 'int_parsing', 'loc': ('path', 'business_id'), 'msg': 'Input should be a valid integer, unable to parse string as an integer', 'input': 'null'}] | Path: http://localhost:8000/api/v1/businesses/null/employees
2025-03-27 18:53:16.913 | ERROR    | app.core.exceptions:validation_exception_handler:26 - Validation Error: [{'type': 'missing', 'loc': ('query', 'start_date'), 'msg': 'Field required', 'input': None}, {'type': 'missing', 'loc': ('query', 'end_date'), 'msg': 'Field required', 'input': None}] | Path: http://localhost:8000/api/v1/users/1/dashboard-summary
2025-03-27 18:53:21.924 | ERROR    | app.core.exceptions:validation_exception_handler:26 - Validation Error: [{'type': 'int_parsing', 'loc': ('path', 'user_id'), 'msg': 'Input should be a valid integer, unable to parse string as an integer', 'input': 'undefined'}, {'type': 'missing', 'loc': ('query', 'start_date'), 'msg': 'Field required', 'input': None}, {'type': 'missing', 'loc': ('query', 'end_date'), 'msg': 'Field required', 'input': None}] | Path: http://localhost:8000/api/v1/users/undefined/dashboard-summary
2025-03-27 18:54:31.659 | ERROR    | app.core.exceptions:validation_exception_handler:26 - Validation Error: [{'type': 'missing', 'loc': ('query', 'start_date'), 'msg': 'Field required', 'input': None}, {'type': 'missing', 'loc': ('query', 'end_date'), 'msg': 'Field required', 'input': None}] | Path: http://localhost:8000/api/v1/users/1/dashboard-summary
2025-03-27 18:54:56.310 | ERROR    | app.core.exceptions:validation_exception_handler:26 - Validation Error: [{'type': 'missing', 'loc': ('query', 'start_date'), 'msg': 'Field required', 'input': None}, {'type': 'missing', 'loc': ('query', 'end_date'), 'msg': 'Field required', 'input': None}] | Path: http://localhost:8000/api/v1/users/1/dashboard-summary
2025-03-27 18:55:23.983 | ERROR    | app.core.exceptions:validation_exception_handler:26 - Validation Error: [{'type': 'missing', 'loc': ('query', 'start_date'), 'msg': 'Field required', 'input': None}, {'type': 'missing', 'loc': ('query', 'end_date'), 'msg': 'Field required', 'input': None}] | Path: http://localhost:8000/api/v1/users/1/dashboard-summary
2025-03-27 18:56:09.142 | ERROR    | app.core.exceptions:validation_exception_handler:26 - Validation Error: [{'type': 'int_parsing', 'loc': ('path', 'business_id'), 'msg': 'Input should be a valid integer, unable to parse string as an integer', 'input': 'null'}] | Path: http://localhost:8000/api/v1/businesses/null/employees
2025-03-27 18:56:37.154 | ERROR    | app.core.exceptions:validation_exception_handler:26 - Validation Error: [{'type': 'missing', 'loc': ('query', 'start_date'), 'msg': 'Field required', 'input': None}, {'type': 'missing', 'loc': ('query', 'end_date'), 'msg': 'Field required', 'input': None}] | Path: http://localhost:8000/api/v1/users/1/dashboard-summary
2025-03-27 18:56:37.639 | ERROR    | app.core.exceptions:validation_exception_handler:26 - Validation Error: [{'type': 'missing', 'loc': ('query', 'start_date'), 'msg': 'Field required', 'input': None}, {'type': 'missing', 'loc': ('query', 'end_date'), 'msg': 'Field required', 'input': None}] | Path: http://localhost:8000/api/v1/users/1/dashboard-summary
2025-03-27 18:57:21.612 | ERROR    | app.core.exceptions:validation_exception_handler:26 - Validation Error: [{'type': 'missing', 'loc': ('query', 'start_date'), 'msg': 'Field required', 'input': None}, {'type': 'missing', 'loc': ('query', 'end_date'), 'msg': 'Field required', 'input': None}] | Path: http://localhost:8000/api/v1/users/1/dashboard-summary
2025-03-27 18:57:34.432 | ERROR    | app.core.security:decode_token:36 - Token could not be decoded. Error: Signature has expired.
2025-03-27 18:57:34.434 | ERROR    | app.core.security:decode_token:36 - Token could not be decoded. Error: Signature has expired.
2025-03-27 18:57:38.190 | ERROR    | app.core.security:decode_token:36 - Token could not be decoded. Error: Signature has expired.
2025-03-27 18:57:38.190 | ERROR    | app.core.security:decode_token:36 - Token could not be decoded. Error: Signature has expired.
2025-03-27 18:58:40.748 | ERROR    | app.core.security:decode_token:36 - Token could not be decoded. Error: Signature has expired.
2025-03-27 18:58:40.750 | ERROR    | app.core.security:decode_token:36 - Token could not be decoded. Error: Signature has expired.
2025-03-27 18:58:48.522 | ERROR    | app.core.security:decode_token:36 - Token could not be decoded. Error: Signature has expired.
2025-03-27 18:58:48.524 | ERROR    | app.core.security:decode_token:36 - Token could not be decoded. Error: Signature has expired.
2025-03-27 18:58:58.768 | ERROR    | app.core.security:decode_token:36 - Token could not be decoded. Error: Signature has expired.
2025-03-27 18:58:58.770 | ERROR    | app.core.security:decode_token:36 - Token could not be decoded. Error: Signature has expired.
2025-03-27 18:59:27.284 | WARNING  | app.core.exceptions:http_exception_handler:18 - HTTP Exception: 401 - Not authenticated, Path: http://localhost:8000/api/v1/auth/user-info
2025-03-27 18:59:34.479 | ERROR    | app.core.exceptions:validation_exception_handler:26 - Validation Error: [{'type': 'missing', 'loc': ('query', 'start_date'), 'msg': 'Field required', 'input': None}, {'type': 'missing', 'loc': ('query', 'end_date'), 'msg': 'Field required', 'input': None}] | Path: http://localhost:8000/api/v1/users/1/dashboard-summary
2025-03-27 18:59:34.695 | ERROR    | app.core.exceptions:validation_exception_handler:26 - Validation Error: [{'type': 'missing', 'loc': ('query', 'start_date'), 'msg': 'Field required', 'input': None}, {'type': 'missing', 'loc': ('query', 'end_date'), 'msg': 'Field required', 'input': None}] | Path: http://localhost:8000/api/v1/users/1/dashboard-summary
2025-03-27 19:00:07.815 | ERROR    | app.core.exceptions:validation_exception_handler:26 - Validation Error: [{'type': 'missing', 'loc': ('query', 'start_date'), 'msg': 'Field required', 'input': None}, {'type': 'missing', 'loc': ('query', 'end_date'), 'msg': 'Field required', 'input': None}] | Path: http://localhost:8000/api/v1/users/1/dashboard-summary
2025-03-27 19:00:27.983 | ERROR    | app.core.exceptions:validation_exception_handler:26 - Validation Error: [{'type': 'missing', 'loc': ('query', 'start_date'), 'msg': 'Field required', 'input': None}, {'type': 'missing', 'loc': ('query', 'end_date'), 'msg': 'Field required', 'input': None}] | Path: http://localhost:8000/api/v1/users/1/dashboard-summary
2025-03-27 19:00:53.024 | ERROR    | app.core.exceptions:validation_exception_handler:26 - Validation Error: [{'type': 'missing', 'loc': ('query', 'start_date'), 'msg': 'Field required', 'input': None}, {'type': 'missing', 'loc': ('query', 'end_date'), 'msg': 'Field required', 'input': None}] | Path: http://localhost:8000/api/v1/users/1/dashboard-summary
2025-03-27 19:01:39.626 | ERROR    | app.core.exceptions:validation_exception_handler:26 - Validation Error: [{'type': 'missing', 'loc': ('query', 'start_date'), 'msg': 'Field required', 'input': None}, {'type': 'missing', 'loc': ('query', 'end_date'), 'msg': 'Field required', 'input': None}] | Path: http://localhost:8000/api/v1/users/1/dashboard-summary
2025-03-27 19:02:01.403 | ERROR    | app.core.exceptions:validation_exception_handler:26 - Validation Error: [{'type': 'missing', 'loc': ('query', 'start_date'), 'msg': 'Field required', 'input': None}, {'type': 'missing', 'loc': ('query', 'end_date'), 'msg': 'Field required', 'input': None}] | Path: http://localhost:8000/api/v1/users/1/dashboard-summary
2025-03-27 19:02:11.471 | ERROR    | app.core.exceptions:validation_exception_handler:26 - Validation Error: [{'type': 'missing', 'loc': ('query', 'start_date'), 'msg': 'Field required', 'input': None}, {'type': 'missing', 'loc': ('query', 'end_date'), 'msg': 'Field required', 'input': None}] | Path: http://localhost:8000/api/v1/users/1/dashboard-summary
2025-03-27 19:02:29.173 | ERROR    | app.core.exceptions:validation_exception_handler:26 - Validation Error: [{'type': 'missing', 'loc': ('query', 'start_date'), 'msg': 'Field required', 'input': None}, {'type': 'missing', 'loc': ('query', 'end_date'), 'msg': 'Field required', 'input': None}] | Path: http://localhost:8000/api/v1/users/1/dashboard-summary
2025-03-27 19:03:26.986 | WARNING  | app.core.exceptions:http_exception_handler:18 - HTTP Exception: 401 - Not authenticated, Path: http://localhost:8000/api/v1/auth/user-info
2025-03-27 19:03:46.975 | ERROR    | app.core.exceptions:validation_exception_handler:26 - Validation Error: [{'type': 'missing', 'loc': ('query', 'start_date'), 'msg': 'Field required', 'input': None}, {'type': 'missing', 'loc': ('query', 'end_date'), 'msg': 'Field required', 'input': None}] | Path: http://localhost:8000/api/v1/users/55/dashboard-summary
2025-03-27 19:03:47.168 | ERROR    | app.core.exceptions:validation_exception_handler:26 - Validation Error: [{'type': 'missing', 'loc': ('query', 'start_date'), 'msg': 'Field required', 'input': None}, {'type': 'missing', 'loc': ('query', 'end_date'), 'msg': 'Field required', 'input': None}] | Path: http://localhost:8000/api/v1/users/55/dashboard-summary
2025-03-27 19:10:24.451 | WARNING  | app.core.exceptions:http_exception_handler:18 - HTTP Exception: 401 - Not authenticated, Path: http://localhost:8000/api/v1/auth/user-info
2025-03-27 19:26:55.035 | ERROR    | app.core.security:decode_token:36 - Token could not be decoded. Error: Signature has expired.
2025-03-27 19:31:45.325 | ERROR    | app.core.security:decode_token:36 - Token could not be decoded. Error: Signature has expired.
2025-03-27 19:34:29.960 | ERROR    | app.core.security:decode_token:36 - Token could not be decoded. Error: Signature has expired.
2025-03-27 19:35:50.685 | ERROR    | app.core.security:decode_token:36 - Token could not be decoded. Error: Signature has expired.
2025-03-27 19:51:19.947 | ERROR    | app.core.security:decode_token:36 - Token could not be decoded. Error: Signature has expired.
2025-03-27 19:51:57.989 | WARNING  | app.core.exceptions:http_exception_handler:18 - HTTP Exception: 401 - Not authenticated, Path: http://localhost:8000/api/v1/auth/user-info
2025-03-27 20:36:18.072 | ERROR    | app.core.security:decode_token:36 - Token could not be decoded. Error: Signature has expired.
2025-03-27 20:36:18.076 | ERROR    | app.core.security:decode_token:36 - Token could not be decoded. Error: Signature has expired.
2025-03-27 20:36:18.829 | ERROR    | app.core.security:decode_token:36 - Token could not be decoded. Error: Signature has expired.
2025-03-27 20:36:18.831 | ERROR    | app.core.security:decode_token:36 - Token could not be decoded. Error: Signature has expired.
2025-03-27 20:38:25.130 | ERROR    | app.core.security:decode_token:36 - Token could not be decoded. Error: Signature has expired.
2025-03-27 20:38:29.436 | ERROR    | app.core.security:decode_token:36 - Token could not be decoded. Error: Signature has expired.
2025-03-27 20:38:39.936 | ERROR    | app.core.security:decode_token:36 - Token could not be decoded. Error: Signature has expired.
2025-03-27 20:39:38.709 | ERROR    | app.core.security:decode_token:36 - Token could not be decoded. Error: Signature has expired.
2025-03-27 20:39:58.590 | WARNING  | app.core.exceptions:http_exception_handler:18 - HTTP Exception: 401 - Not authenticated, Path: http://localhost:8000/api/v1/auth/user-info
2025-03-27 20:59:55.666 | ERROR    | app.core.security:decode_token:36 - Token could not be decoded. Error: Signature has expired.
2025-03-27 20:59:56.113 | ERROR    | app.core.security:decode_token:36 - Token could not be decoded. Error: Signature has expired.
2025-03-27 20:59:56.312 | ERROR    | app.core.security:decode_token:36 - Token could not be decoded. Error: Signature has expired.
2025-03-27 20:59:56.721 | ERROR    | app.core.security:decode_token:36 - Token could not be decoded. Error: Signature has expired.
2025-03-27 20:59:57.288 | ERROR    | app.core.security:decode_token:36 - Token could not be decoded. Error: Signature has expired.
2025-03-27 20:59:57.477 | ERROR    | app.core.security:decode_token:36 - Token could not be decoded. Error: Signature has expired.
2025-03-27 20:59:59.904 | ERROR    | app.core.security:decode_token:36 - Token could not be decoded. Error: Signature has expired.
2025-03-27 21:00:00.361 | ERROR    | app.core.security:decode_token:36 - Token could not be decoded. Error: Signature has expired.
2025-03-27 21:00:00.549 | ERROR    | app.core.security:decode_token:36 - Token could not be decoded. Error: Signature has expired.
2025-03-27 21:00:00.959 | ERROR    | app.core.security:decode_token:36 - Token could not be decoded. Error: Signature has expired.
2025-03-27 21:00:01.535 | ERROR    | app.core.security:decode_token:36 - Token could not be decoded. Error: Signature has expired.
2025-03-27 21:00:01.807 | ERROR    | app.core.security:decode_token:36 - Token could not be decoded. Error: Signature has expired.
2025-03-28 17:11:47.020 | WARNING  | app.core.exceptions:http_exception_handler:18 - HTTP Exception: 401 - Not authenticated, Path: http://localhost:8000/api/v1/auth/user-info
2025-03-28 17:11:47.587 | WARNING  | app.core.exceptions:http_exception_handler:18 - HTTP Exception: 401 - Not authenticated, Path: http://localhost:8000/api/v1/auth/user-info
2025-03-28 17:11:47.803 | WARNING  | app.core.exceptions:http_exception_handler:18 - HTTP Exception: 401 - Not authenticated, Path: http://localhost:8000/api/v1/auth/user-info
2025-03-28 17:11:51.266 | ERROR    | app.core.security:decode_token:36 - Token could not be decoded. Error: Signature has expired.
2025-03-28 17:12:00.064 | ERROR    | app.core.security:decode_token:36 - Token could not be decoded. Error: Signature has expired.
2025-03-28 17:12:05.877 | ERROR    | app.core.security:decode_token:36 - Token could not be decoded. Error: Signature has expired.
2025-03-28 17:12:12.781 | ERROR    | app.core.security:decode_token:36 - Token could not be decoded. Error: Signature has expired.
2025-03-28 17:20:23.210 | ERROR    | app.core.security:decode_token:36 - Token could not be decoded. Error: Signature has expired.
2025-03-28 17:20:35.894 | ERROR    | app.core.security:decode_token:36 - Token could not be decoded. Error: Signature has expired.
2025-03-28 17:22:00.436 | ERROR    | app.core.security:decode_token:36 - Token could not be decoded. Error: Signature has expired.
