2025-03-18 07:36:48.156 | WARNING  | app.core.exceptions:http_exception_handler:18 - HTTP Exception: 401 - Not authenticated, Path: http://localhost:8000/api/v1/filters/
2025-03-18 07:36:56.054 | ERROR    | app.core.exceptions:global_exception_handler:9 - Uncaught Error: InvalidRequestError('The unique() method must be invoked on this Result, as it contains results that include joined eager loads against collections'), Path: http://localhost:8000/api/v1/filters/
2025-03-18 07:49:01.021 | ERROR    | app.core.security:decode_token:36 - Token could not be decoded. Error: Signature has expired.
2025-03-18 07:56:29.270 | ERROR    | app.core.exceptions:global_exception_handler:9 - Uncaught Error: IntegrityError('(sqlalchemy.dialects.postgresql.asyncpg.IntegrityError) <class \'asyncpg.exceptions.UniqueViolationError\'>: duplicate key value violates unique constraint "ix_sub_filters_name"\nDETAIL:  Key (name)=(Monthly) already exists.'), Path: http://localhost:8000/api/v1/sub-filters/
2025-03-18 08:09:35.263 | ERROR    | app.core.security:decode_token:36 - Token could not be decoded. Error: Signature has expired.
2025-03-18 08:26:03.901 | ERROR    | app.core.security:decode_token:36 - Token could not be decoded. Error: Signature has expired.
2025-03-18 13:10:27.922 | ERROR    | app.core.security:decode_token:36 - Token could not be decoded. Error: Signature has expired.
2025-03-18 13:31:07.047 | ERROR    | app.service.booking.product:create_new_product:45 - Product could not be saved. Error: The unique() method must be invoked on this Result, as it contains results that include joined eager loads against collections
2025-03-18 13:31:07.049 | WARNING  | app.core.exceptions:http_exception_handler:18 - HTTP Exception: 400 - Something went wrong, Path: http://localhost:8000/api/v1/products/
2025-03-18 13:32:29.890 | ERROR    | app.core.exceptions:global_exception_handler:9 - Uncaught Error: ResponseValidationError(), Path: http://localhost:8000/api/v1/products/
2025-03-18 13:36:42.579 | ERROR    | app.core.exceptions:global_exception_handler:9 - Uncaught Error: ResponseValidationError(), Path: http://localhost:8000/api/v1/products/
2025-03-18 13:37:03.556 | ERROR    | app.core.exceptions:global_exception_handler:9 - Uncaught Error: ResponseValidationError(), Path: http://localhost:8000/api/v1/products/
2025-03-18 14:18:29.246 | ERROR    | app.core.exceptions:validation_exception_handler:26 - Validation Error: [{'type': 'missing', 'loc': ('query', 'filter_id'), 'msg': 'Field required', 'input': None}] | Path: http://localhost:8000/api/v1/businesses/nearby?lon=25.987371&lat=44.443440&start_date=2025-03-18&end_date=2025-03-19&start_time=10:00:00&end_time=11:00:00&limit=15&page=1
2025-03-18 15:09:01.610 | ERROR    | app.core.exceptions:validation_exception_handler:26 - Validation Error: [{'type': 'missing', 'loc': ('body',), 'msg': 'Field required', 'input': None}] | Path: http://localhost:8000/api/v1/businesses/nearby?lon=25.987371&lat=44.443440&start_date=2025-03-18&end_date=2025-03-19&start_time=10:00:00&end_time=11:00:00&limit=10&page=1
2025-03-18 15:26:32.596 | ERROR    | app.core.security:decode_token:36 - Token could not be decoded. Error: Signature has expired.
2025-03-18 15:26:39.276 | ERROR    | app.core.exceptions:validation_exception_handler:26 - Validation Error: [{'type': 'missing', 'loc': ('query', 'service_id'), 'msg': 'Field required', 'input': None}, {'type': 'int_parsing', 'loc': ('query', 'sub_filters', 0), 'msg': 'Input should be a valid integer, unable to parse string as an integer', 'input': '[1, 2]'}] | Path: http://localhost:8000/api/v1/businesses/nearby?lon=25.987371&lat=44.443440&start_date=2025-03-18&end_date=2025-03-19&start_time=10:00:00&end_time=11:00:00&limit=10&page=1&sub_filters=[1,%202]
2025-03-18 15:27:15.996 | ERROR    | app.core.exceptions:validation_exception_handler:26 - Validation Error: [{'type': 'int_parsing', 'loc': ('query', 'sub_filters', 0), 'msg': 'Input should be a valid integer, unable to parse string as an integer', 'input': '[1, 2]'}] | Path: http://localhost:8000/api/v1/businesses/nearby?lon=25.987371&lat=44.443440&start_date=2025-03-18&end_date=2025-03-19&start_time=10:00:00&service_id=3&end_time=11:00:00&limit=10&page=1&sub_filters=[1,%202]
2025-03-18 15:27:50.829 | ERROR    | app.core.exceptions:global_exception_handler:9 - Uncaught Error: AttributeError("module 'app.models.booking.product_sub_filters' has no attribute 'c'"), Path: http://localhost:8000/api/v1/businesses/nearby?lon=25.987371&lat=44.443440&start_date=2025-03-18&end_date=2025-03-19&start_time=10:00:00&service_id=3&end_time=11:00:00&limit=10&page=1&sub_filters=1&sub_filters=2
2025-03-18 15:50:21.836 | ERROR    | app.core.security:decode_token:36 - Token could not be decoded. Error: Signature has expired.
2025-03-18 16:10:42.349 | ERROR    | app.core.security:decode_token:36 - Token could not be decoded. Error: Signature has expired.
2025-03-18 16:10:48.871 | ERROR    | app.core.exceptions:global_exception_handler:9 - Uncaught Error: ResponseValidationError(), Path: http://localhost:8000/api/v1/users/34/schedules
2025-03-18 20:54:43.965 | ERROR    | app.core.dependencies:validate_roles:35 - User with id: 1 and role: 'superadmin' does not have permission to perform this action. Path: http://localhost:8000/api/v1/businesses/
2025-03-18 20:54:43.966 | WARNING  | app.core.exceptions:http_exception_handler:18 - HTTP Exception: 403 - You do not have permission to perform this action, Path: http://localhost:8000/api/v1/businesses/
2025-03-18 21:01:00.196 | ERROR    | app.core.dependencies:validate_roles:35 - User with id: 71 and role: 'client' does not have permission to perform this action. Path: http://localhost:8000/api/v1/products/
2025-03-18 21:01:00.197 | WARNING  | app.core.exceptions:http_exception_handler:18 - HTTP Exception: 403 - You do not have permission to perform this action, Path: http://localhost:8000/api/v1/products/
2025-03-18 21:01:13.002 | WARNING  | app.core.exceptions:http_exception_handler:18 - HTTP Exception: 400 - User has not schedules defined, Path: http://localhost:8000/api/v1/products/
2025-03-18 21:01:52.371 | WARNING  | app.core.exceptions:http_exception_handler:18 - HTTP Exception: 404 - Business not found, Path: http://localhost:8000/api/v1/businesses/71/schedules/
2025-03-18 21:02:20.148 | WARNING  | app.core.exceptions:http_exception_handler:18 - HTTP Exception: 404 - Business not found, Path: http://localhost:8000/api/v1/businesses/11/schedules/
2025-03-18 21:02:32.904 | ERROR    | app.core.exceptions:global_exception_handler:9 - Uncaught Error: IntegrityError('(sqlalchemy.dialects.postgresql.asyncpg.IntegrityError) <class \'asyncpg.exceptions.NotNullViolationError\'>: null value in column "timezone" of relation "schedules" violates not-null constraint\nDETAIL:  Failing row contains (166, 71, Monday, 07:00:00+00, 16:00:00+00, null, 41, t).'), Path: http://localhost:8000/api/v1/businesses/41/schedules/
2025-03-18 21:05:32.897 | ERROR    | app.core.exceptions:global_exception_handler:9 - Uncaught Error: IntegrityError('(sqlalchemy.dialects.postgresql.asyncpg.IntegrityError) <class \'asyncpg.exceptions.NotNullViolationError\'>: null value in column "timezone" of relation "schedules" violates not-null constraint\nDETAIL:  Failing row contains (167, 71, Monday, 07:00:00+00, 16:00:00+00, null, 41, t).'), Path: http://localhost:8000/api/v1/businesses/41/schedules/
2025-03-18 21:06:58.093 | ERROR    | app.core.exceptions:global_exception_handler:9 - Uncaught Error: IntegrityError('(sqlalchemy.dialects.postgresql.asyncpg.IntegrityError) <class \'asyncpg.exceptions.NotNullViolationError\'>: null value in column "timezone" of relation "schedules" violates not-null constraint\nDETAIL:  Failing row contains (168, 71, Monday, 07:00:00+00, 16:00:00+00, null, 41, t).'), Path: http://localhost:8000/api/v1/businesses/41/schedules/
2025-03-18 21:08:43.193 | ERROR    | app.core.exceptions:global_exception_handler:9 - Uncaught Error: IntegrityError('(sqlalchemy.dialects.postgresql.asyncpg.IntegrityError) <class \'asyncpg.exceptions.NotNullViolationError\'>: null value in column "timezone" of relation "schedules" violates not-null constraint\nDETAIL:  Failing row contains (169, 71, Monday, 07:00:00+00, 16:00:00+00, null, 41, t).'), Path: http://localhost:8000/api/v1/businesses/41/schedules/
2025-03-18 21:10:31.437 | ERROR    | app.core.exceptions:global_exception_handler:9 - Uncaught Error: IntegrityError('(sqlalchemy.dialects.postgresql.asyncpg.IntegrityError) <class \'asyncpg.exceptions.NotNullViolationError\'>: null value in column "timezone" of relation "schedules" violates not-null constraint\nDETAIL:  Failing row contains (170, 71, Monday, 07:00:00+00, 16:00:00+00, null, 41, t).'), Path: http://localhost:8000/api/v1/businesses/41/schedules/
2025-03-18 21:13:36.949 | ERROR    | app.core.exceptions:global_exception_handler:9 - Uncaught Error: ProgrammingError("(sqlalchemy.dialects.postgresql.asyncpg.ProgrammingError) <class 'asyncpg.exceptions.UndefinedColumnError'>: column schedules.is_closed does not exist"), Path: http://localhost:8000/api/v1/businesses/41/schedules/
2025-03-18 21:15:15.684 | ERROR    | app.core.exceptions:global_exception_handler:9 - Uncaught Error: ProgrammingError("(sqlalchemy.dialects.postgresql.asyncpg.ProgrammingError) <class 'asyncpg.exceptions.UndefinedColumnError'>: column schedules.is_closed does not exist"), Path: http://localhost:8000/api/v1/businesses/41/schedules/
2025-03-18 21:16:24.206 | ERROR    | app.core.exceptions:global_exception_handler:9 - Uncaught Error: IntegrityError('(sqlalchemy.dialects.postgresql.asyncpg.IntegrityError) <class \'asyncpg.exceptions.NotNullViolationError\'>: null value in column "timezone" of relation "schedules" violates not-null constraint\nDETAIL:  Failing row contains (171, 71, Monday, 07:00:00+00, 16:00:00+00, null, 41).'), Path: http://localhost:8000/api/v1/businesses/41/schedules/
2025-03-18 21:18:54.779 | ERROR    | app.core.exceptions:global_exception_handler:9 - Uncaught Error: IntegrityError('(sqlalchemy.dialects.postgresql.asyncpg.IntegrityError) <class \'asyncpg.exceptions.NotNullViolationError\'>: null value in column "timezone" of relation "schedules" violates not-null constraint\nDETAIL:  Failing row contains (172, 71, Monday, 07:00:00+00, 16:00:00+00, null, 41).'), Path: http://localhost:8000/api/v1/businesses/41/schedules/
2025-03-18 21:20:31.196 | ERROR    | app.service.booking.product:create_new_product:40 - Product could not be saved. Error: 'sub_filters' is an invalid keyword argument for Product
2025-03-18 21:20:31.198 | WARNING  | app.core.exceptions:http_exception_handler:18 - HTTP Exception: 400 - Something went wrong, Path: http://localhost:8000/api/v1/products/
2025-03-18 21:24:35.051 | ERROR    | app.core.exceptions:validation_exception_handler:26 - Validation Error: [{'type': 'missing', 'loc': ('body', 'new_product'), 'msg': 'Field required', 'input': None}] | Path: http://localhost:8000/api/v1/products/
2025-03-18 21:26:27.292 | ERROR    | app.core.exceptions:validation_exception_handler:26 - Validation Error: [{'type': 'missing', 'loc': ('body', 'new_product'), 'msg': 'Field required', 'input': None}] | Path: http://localhost:8000/api/v1/products/
2025-03-18 21:27:03.967 | ERROR    | app.core.exceptions:validation_exception_handler:26 - Validation Error: [{'type': 'missing', 'loc': ('body', 'product_create'), 'msg': 'Field required', 'input': None}] | Path: http://localhost:8000/api/v1/products/
2025-03-18 21:29:16.981 | ERROR    | app.service.booking.product:create_new_product:42 - Product could not be saved. Error: 'sub_filters' is an invalid keyword argument for Product
2025-03-18 21:29:16.982 | WARNING  | app.core.exceptions:http_exception_handler:18 - HTTP Exception: 400 - Something went wrong, Path: http://localhost:8000/api/v1/products/
2025-03-18 21:29:39.425 | ERROR    | app.service.booking.product:create_new_product:42 - Product could not be saved. Error: 'sub_filters' is an invalid keyword argument for Product
2025-03-18 21:29:39.426 | WARNING  | app.core.exceptions:http_exception_handler:18 - HTTP Exception: 400 - Something went wrong, Path: http://localhost:8000/api/v1/products/
2025-03-18 21:29:52.679 | ERROR    | app.service.booking.product:create_new_product:42 - Product could not be saved. Error: 'sub_filters' is an invalid keyword argument for Product
2025-03-18 21:29:52.680 | WARNING  | app.core.exceptions:http_exception_handler:18 - HTTP Exception: 400 - Something went wrong, Path: http://localhost:8000/api/v1/products/
2025-03-18 21:32:47.744 | ERROR    | app.service.booking.product:create_new_product:42 - Product could not be saved. Error: 'sub_filters' is an invalid keyword argument for Product
2025-03-18 21:32:47.746 | WARNING  | app.core.exceptions:http_exception_handler:18 - HTTP Exception: 400 - Something went wrong, Path: http://localhost:8000/api/v1/products/
2025-03-18 21:35:02.336 | ERROR    | app.core.exceptions:validation_exception_handler:26 - Validation Error: [{'type': 'missing', 'loc': ('query', 'product_create'), 'msg': 'Field required', 'input': None}] | Path: http://localhost:8000/api/v1/products/
2025-03-18 21:41:03.617 | ERROR    | app.service.booking.product:create_new_product:42 - Product could not be saved. Error: 'sub_filters' is an invalid keyword argument for Product
2025-03-18 21:41:03.618 | WARNING  | app.core.exceptions:http_exception_handler:18 - HTTP Exception: 400 - Something went wrong, Path: http://localhost:8000/api/v1/products/
2025-03-18 21:42:52.814 | ERROR    | app.service.booking.product:create_new_product:42 - Product could not be saved. Error: 'sub_filters' is an invalid keyword argument for Product
2025-03-18 21:42:52.815 | WARNING  | app.core.exceptions:http_exception_handler:18 - HTTP Exception: 400 - Something went wrong, Path: http://localhost:8000/api/v1/products/
2025-03-18 21:47:53.233 | ERROR    | app.core.exceptions:validation_exception_handler:26 - Validation Error: [{'type': 'missing', 'loc': ('body', 'name'), 'msg': 'Field required', 'input': {'product': {'name': 'Tuns', 'description': 'Tuns Barbati - include frezat, aranjat', 'duration': 60, 'price': 65, 'business_id': 41, 'service_id': 3}, 'sub_filters': [1]}}, {'type': 'missing', 'loc': ('body', 'description'), 'msg': 'Field required', 'input': {'product': {'name': 'Tuns', 'description': 'Tuns Barbati - include frezat, aranjat', 'duration': 60, 'price': 65, 'business_id': 41, 'service_id': 3}, 'sub_filters': [1]}}, {'type': 'missing', 'loc': ('body', 'duration'), 'msg': 'Field required', 'input': {'product': {'name': 'Tuns', 'description': 'Tuns Barbati - include frezat, aranjat', 'duration': 60, 'price': 65, 'business_id': 41, 'service_id': 3}, 'sub_filters': [1]}}, {'type': 'missing', 'loc': ('body', 'price'), 'msg': 'Field required', 'input': {'product': {'name': 'Tuns', 'description': 'Tuns Barbati - include frezat, aranjat', 'duration': 60, 'price': 65, 'business_id': 41, 'service_id': 3}, 'sub_filters': [1]}}, {'type': 'missing', 'loc': ('body', 'service_id'), 'msg': 'Field required', 'input': {'product': {'name': 'Tuns', 'description': 'Tuns Barbati - include frezat, aranjat', 'duration': 60, 'price': 65, 'business_id': 41, 'service_id': 3}, 'sub_filters': [1]}}, {'type': 'missing', 'loc': ('body', 'business_id'), 'msg': 'Field required', 'input': {'product': {'name': 'Tuns', 'description': 'Tuns Barbati - include frezat, aranjat', 'duration': 60, 'price': 65, 'business_id': 41, 'service_id': 3}, 'sub_filters': [1]}}] | Path: http://localhost:8000/api/v1/products/
2025-03-18 21:48:58.959 | ERROR    | app.service.booking.product:create_new_product:43 - Product could not be saved. Error: 'tuple' object has no attribute 'model_dump'
2025-03-18 21:48:58.960 | WARNING  | app.core.exceptions:http_exception_handler:18 - HTTP Exception: 400 - Something went wrong, Path: http://localhost:8000/api/v1/products/
2025-03-18 21:50:14.893 | ERROR    | app.service.booking.product:create_new_product:43 - Product could not be saved. Error: (sqlalchemy.dialects.postgresql.asyncpg.Error) <class 'asyncpg.exceptions.DataError'>: invalid input for query argument $2: 'sub_filters' ('str' object cannot be interpreted as an integer)
[SQL: INSERT INTO product_sub_filters (product_id, sub_filter_id) VALUES ($1::INTEGER, $2::INTEGER), ($3::INTEGER, $4::INTEGER)]
[parameters: (2, 'sub_filters', 2, [1])]
(Background on this error at: https://sqlalche.me/e/20/dbapi)
2025-03-18 21:50:14.894 | WARNING  | app.core.exceptions:http_exception_handler:18 - HTTP Exception: 400 - Something went wrong, Path: http://localhost:8000/api/v1/products/
2025-03-18 21:59:20.424 | WARNING  | app.core.exceptions:http_exception_handler:18 - HTTP Exception: 400 - User has not schedules defined, Path: http://localhost:8000/api/v1/products/
2025-03-18 22:14:11.159 | ERROR    | app.core.security:decode_token:36 - Token could not be decoded. Error: Signature has expired.
